<?xml version="1.0" encoding="utf-8"?><testsuites name="pytest tests"><testsuite name="pytest" errors="0" failures="0" skipped="0" tests="18" time="0.992" timestamp="2026-01-26T22:59:49.951980+00:00" hostname="agent-env-74447167-051d-4cd1-ae63-5d323e9a9c4b"><testcase classname="backend.tests.test_gig_pulse_api.TestHealthAndBasicEndpoints" name="test_health_check" time="0.078" /><testcase classname="backend.tests.test_gig_pulse_api.TestHealthAndBasicEndpoints" name="test_root_endpoint" time="0.040" /><testcase classname="backend.tests.test_gig_pulse_api.TestYouTubeAPI" name="test_youtube_feed" time="0.048" /><testcase classname="backend.tests.test_gig_pulse_api.TestYouTubeAPI" name="test_youtube_featured_channels" time="0.042" /><testcase classname="backend.tests.test_gig_pulse_api.TestYouTubeAPI" name="test_youtube_keywords" time="0.036" /><testcase classname="backend.tests.test_gig_pulse_api.TestHideVideoAPI" name="test_hide_video" time="0.162" /><testcase classname="backend.tests.test_gig_pulse_api.TestHideVideoAPI" name="test_get_hidden_videos" time="0.038" /><testcase classname="backend.tests.test_gig_pulse_api.TestStaticContentAPI" name="test_featured_channels" time="0.035" /><testcase classname="backend.tests.test_gig_pulse_api.TestStaticContentAPI" name="test_gig_apps" time="0.042" /><testcase classname="backend.tests.test_gig_pulse_api.TestStaticContentAPI" name="test_helpful_tools" time="0.037" /><testcase classname="backend.tests.test_gig_pulse_api.TestStaticContentAPI" name="test_featured_gear" time="0.036" /><testcase classname="backend.tests.test_gig_pulse_api.TestStaticContentAPI" name="test_weekly_shows" time="0.038" /><testcase classname="backend.tests.test_gig_pulse_api.TestStaticContentAPI" name="test_community_favorites" time="0.037" /><testcase classname="backend.tests.test_gig_pulse_api.TestNewsFeedAPI" name="test_news_feed" time="0.036" /><testcase classname="backend.tests.test_gig_pulse_api.TestNewsFeedAPI" name="test_news_sources" time="0.032" /><testcase classname="backend.tests.test_gig_pulse_api.TestSuggestionsAPI" name="test_channel_suggestion" time="0.042" /><testcase classname="backend.tests.test_gig_pulse_api.TestSuggestionsAPI" name="test_gear_suggestion" time="0.040" /><testcase classname="backend.tests.test_gig_pulse_api.TestSuggestionsAPI" name="test_app_suggestion" time="0.038" /></testsuite></testsuites>